<?xml version="1.0" encoding="UTF-8"?>
<testng-results skipped="0" failed="0" ignored="0" total="1" passed="1">
  <reporter-output>
  </reporter-output>
  <suite name="Suite" duration-ms="10001" started-at="2022-07-03T15:03:17Z" finished-at="2022-07-03T15:03:27Z">
    <groups>
    </groups>
    <test name="Test" duration-ms="10001" started-at="2022-07-03T15:03:17Z" finished-at="2022-07-03T15:03:27Z">
      <class name="Selenium_Demo.GitPractice.SampleScenario_01">
        <test-method status="PASS" signature="TC01()[pri:0, instance:Selenium_Demo.GitPractice.SampleScenario_01@61a485d2]" name="TC01" duration-ms="9981" started-at="2022-07-03T15:03:17Z" finished-at="2022-07-03T15:03:27Z">
          <reporter-output>
          </reporter-output>
        </test-method> <!-- TC01 -->
      </class> <!-- Selenium_Demo.GitPractice.SampleScenario_01 -->
    </test> <!-- Test -->
  </suite> <!-- Suite -->
</testng-results>
