<?xml version="1.0" encoding="UTF-8"?>
<testng-results skipped="0" failed="1" ignored="0" total="1" passed="0">
  <reporter-output>
  </reporter-output>
  <suite name="Default suite" duration-ms="3105" started-at="2022-08-14T17:41:34 IST" finished-at="2022-08-14T17:41:37 IST">
    <groups>
    </groups>
    <test name="Default test" duration-ms="3105" started-at="2022-08-14T17:41:34 IST" finished-at="2022-08-14T17:41:37 IST">
      <class name="Selenium_Demo.GitPractice.SampleScenario_01">
        <test-method status="FAIL" signature="TC01()[pri:0, instance:Selenium_Demo.GitPractice.SampleScenario_01@2833cc44]" name="TC01" duration-ms="3045" started-at="2022-08-14T17:41:34 IST" finished-at="2022-08-14T17:41:37 IST">
          <exception class="org.openqa.selenium.SessionNotCreatedException">
            <message>
              <![CDATA[session not created: This version of ChromeDriver only supports Chrome version 99
Current browser version is 104.0.5112.81 with binary path C:\Program Files\Google\Chrome\Application\chrome.exe
Build info: version: '3.141.59', revision: 'e82be7d358', time: '2018-11-14T08:17:03'
System info: host: 'VD-5224', ip: '192.168.111.103', os.name: 'Windows 10', os.arch: 'amd64', os.version: '10.0', java.version: '1.8.0_121'
Driver info: driver.version: ChromeDriver
remote stacktrace: Backtrace:
Ordinal0 [0x009F9943+2595139]
Ordinal0 [0x0098C9F1+2148849]
Ordinal0 [0x00884528+1066280]
Ordinal0 [0x008A42C3+1196739]
Ordinal0 [0x0089FE37+1179191]
Ordinal0 [0x0089D6F1+1169137]
Ordinal0 [0x008D0530+1377584]
Ordinal0 [0x008D018A+1376650]
Ordinal0 [0x008CB806+1357830]
Ordinal0 [0x008A6086+1204358]
Ordinal0 [0x008A6F96+1208214]
GetHandleVerifier [0x00B9B232+1658114]
GetHandleVerifier [0x00C5312C+2411516]
GetHandleVerifier [0x00A8F261+560433]
GetHandleVerifier [0x00A8E366+556598]
Ordinal0 [0x0099286B+2173035]
Ordinal0 [0x009975F8+2192888]
Ordinal0 [0x009976E5+2193125]
Ordinal0 [0x009A11FC+2232828]
BaseThreadInitThunk [0x7547FA29+25]
RtlGetAppContainerNamedObjectPath [0x77207A9E+286]
RtlGetAppContainerNamedObjectPath [0x77207A6E+238]
]]>
            </message>
            <full-stacktrace>
              <![CDATA[org.openqa.selenium.SessionNotCreatedException: session not created: This version of ChromeDriver only supports Chrome version 99
Current browser version is 104.0.5112.81 with binary path C:\Program Files\Google\Chrome\Application\chrome.exe
Build info: version: '3.141.59', revision: 'e82be7d358', time: '2018-11-14T08:17:03'
System info: host: 'VD-5224', ip: '192.168.111.103', os.name: 'Windows 10', os.arch: 'amd64', os.version: '10.0', java.version: '1.8.0_121'
Driver info: driver.version: ChromeDriver
remote stacktrace: Backtrace:
Ordinal0 [0x009F9943+2595139]
Ordinal0 [0x0098C9F1+2148849]
Ordinal0 [0x00884528+1066280]
Ordinal0 [0x008A42C3+1196739]
Ordinal0 [0x0089FE37+1179191]
Ordinal0 [0x0089D6F1+1169137]
Ordinal0 [0x008D0530+1377584]
Ordinal0 [0x008D018A+1376650]
Ordinal0 [0x008CB806+1357830]
Ordinal0 [0x008A6086+1204358]
Ordinal0 [0x008A6F96+1208214]
GetHandleVerifier [0x00B9B232+1658114]
GetHandleVerifier [0x00C5312C+2411516]
GetHandleVerifier [0x00A8F261+560433]
GetHandleVerifier [0x00A8E366+556598]
Ordinal0 [0x0099286B+2173035]
Ordinal0 [0x009975F8+2192888]
Ordinal0 [0x009976E5+2193125]
Ordinal0 [0x009A11FC+2232828]
BaseThreadInitThunk [0x7547FA29+25]
RtlGetAppContainerNamedObjectPath [0x77207A9E+286]
RtlGetAppContainerNamedObjectPath [0x77207A6E+238]

at sun.reflect.NativeConstructorAccessorImpl.newInstance0(Native Method)
at sun.reflect.NativeConstructorAccessorImpl.newInstance(NativeConstructorAccessorImpl.java:62)
at sun.reflect.DelegatingConstructorAccessorImpl.newInstance(DelegatingConstructorAccessorImpl.java:45)
at java.lang.reflect.Constructor.newInstance(Constructor.java:423)
at org.openqa.selenium.remote.W3CHandshakeResponse.lambda$errorHandler$0(W3CHandshakeResponse.java:62)
at org.openqa.selenium.remote.HandshakeResponse.lambda$getResponseFunction$0(HandshakeResponse.java:30)
at org.openqa.selenium.remote.ProtocolHandshake.lambda$createSession$0(ProtocolHandshake.java:126)
at java.util.stream.ReferencePipeline$3$1.accept(ReferencePipeline.java:193)
at java.util.Spliterators$ArraySpliterator.tryAdvance(Spliterators.java:958)
at java.util.stream.ReferencePipeline.forEachWithCancel(ReferencePipeline.java:126)
at java.util.stream.AbstractPipeline.copyIntoWithCancel(AbstractPipeline.java:498)
at java.util.stream.AbstractPipeline.copyInto(AbstractPipeline.java:485)
at java.util.stream.AbstractPipeline.wrapAndCopyInto(AbstractPipeline.java:471)
at java.util.stream.FindOps$FindOp.evaluateSequential(FindOps.java:152)
at java.util.stream.AbstractPipeline.evaluate(AbstractPipeline.java:234)
at java.util.stream.ReferencePipeline.findFirst(ReferencePipeline.java:464)
at org.openqa.selenium.remote.ProtocolHandshake.createSession(ProtocolHandshake.java:128)
at org.openqa.selenium.remote.ProtocolHandshake.createSession(ProtocolHandshake.java:74)
at org.openqa.selenium.remote.HttpCommandExecutor.execute(HttpCommandExecutor.java:136)
at org.openqa.selenium.remote.service.DriverCommandExecutor.execute(DriverCommandExecutor.java:83)
at org.openqa.selenium.remote.RemoteWebDriver.execute(RemoteWebDriver.java:552)
at org.openqa.selenium.remote.RemoteWebDriver.startSession(RemoteWebDriver.java:213)
at org.openqa.selenium.remote.RemoteWebDriver.<init>(RemoteWebDriver.java:131)
at org.openqa.selenium.chrome.ChromeDriver.<init>(ChromeDriver.java:181)
at org.openqa.selenium.chrome.ChromeDriver.<init>(ChromeDriver.java:168)
at org.openqa.selenium.chrome.ChromeDriver.<init>(ChromeDriver.java:123)
at Selenium_Demo.GitPractice.SampleScenario_01.TC01(SampleScenario_01.java:17)
at sun.reflect.NativeMethodAccessorImpl.invoke0(Native Method)
at sun.reflect.NativeMethodAccessorImpl.invoke(NativeMethodAccessorImpl.java:62)
at sun.reflect.DelegatingMethodAccessorImpl.invoke(DelegatingMethodAccessorImpl.java:43)
at java.lang.reflect.Method.invoke(Method.java:498)
at org.testng.internal.MethodInvocationHelper.invokeMethod(MethodInvocationHelper.java:134)
at org.testng.internal.TestInvoker.invokeMethod(TestInvoker.java:597)
at org.testng.internal.TestInvoker.invokeTestMethod(TestInvoker.java:173)
at org.testng.internal.MethodRunner.runInSequence(MethodRunner.java:46)
at org.testng.internal.TestInvoker$MethodInvocationAgent.invoke(TestInvoker.java:816)
at org.testng.internal.TestInvoker.invokeTestMethods(TestInvoker.java:146)
at org.testng.internal.TestMethodWorker.invokeTestMethods(TestMethodWorker.java:146)
at org.testng.internal.TestMethodWorker.run(TestMethodWorker.java:128)
at java.util.ArrayList.forEach(ArrayList.java:1249)
at org.testng.TestRunner.privateRun(TestRunner.java:766)
at org.testng.TestRunner.run(TestRunner.java:587)
at org.testng.SuiteRunner.runTest(SuiteRunner.java:384)
at org.testng.SuiteRunner.runSequentially(SuiteRunner.java:378)
at org.testng.SuiteRunner.privateRun(SuiteRunner.java:337)
at org.testng.SuiteRunner.run(SuiteRunner.java:286)
at org.testng.SuiteRunnerWorker.runSuite(SuiteRunnerWorker.java:53)
at org.testng.SuiteRunnerWorker.run(SuiteRunnerWorker.java:96)
at org.testng.TestNG.runSuitesSequentially(TestNG.java:1187)
at org.testng.TestNG.runSuitesLocally(TestNG.java:1109)
at org.testng.TestNG.runSuites(TestNG.java:1039)
at org.testng.TestNG.run(TestNG.java:1007)
at org.testng.remote.AbstractRemoteTestNG.run(AbstractRemoteTestNG.java:115)
at org.testng.remote.RemoteTestNG.initAndRun(RemoteTestNG.java:251)
at org.testng.remote.RemoteTestNG.main(RemoteTestNG.java:77)
]]>
            </full-stacktrace>
          </exception> <!-- org.openqa.selenium.SessionNotCreatedException -->
          <reporter-output>
          </reporter-output>
        </test-method> <!-- TC01 -->
      </class> <!-- Selenium_Demo.GitPractice.SampleScenario_01 -->
    </test> <!-- Default test -->
  </suite> <!-- Default suite -->
</testng-results>
